c:\users\administrator\documents\visual studio 2015\projects\myprojects\spiral\spiral\x64\debug\spiral.pch
c:\users\administrator\documents\visual studio 2015\projects\myprojects\spiral\spiral\x64\debug\vc140.pdb
c:\users\administrator\documents\visual studio 2015\projects\myprojects\spiral\spiral\x64\debug\vc140.idb
c:\users\administrator\documents\visual studio 2015\projects\myprojects\spiral\spiral\x64\debug\stdafx.obj
c:\users\administrator\documents\visual studio 2015\projects\myprojects\spiral\spiral\x64\debug\luascript.obj
c:\users\administrator\documents\visual studio 2015\projects\myprojects\spiral\spiral\x64\debug\spiral.obj
c:\users\administrator\documents\visual studio 2015\projects\myprojects\spiral\spiral\x64\debug\basethread.obj
c:\users\administrator\documents\visual studio 2015\projects\myprojects\spiral\spiral\x64\debug\spiralnetio.obj
c:\users\administrator\documents\visual studio 2015\projects\myprojects\spiral\spiral\x64\debug\spiralnetthread.obj
c:\users\administrator\documents\visual studio 2015\projects\myprojects\spiral\spiral\x64\debug\spiralnetmanager.obj
c:\users\administrator\documents\visual studio 2015\projects\myprojects\spiral\spiral\x64\debug\streamluaexport.obj
c:\users\administrator\documents\visual studio 2015\projects\myprojects\spiral\spiral\x64\debug\student.obj
c:\users\administrator\documents\visual studio 2015\projects\myprojects\spiral\spiral\x64\debug\systemluaexport.obj
c:\users\administrator\documents\visual studio 2015\projects\myprojects\spiral\spiral\x64\debug\lua_student.obj
c:\users\administrator\documents\visual studio 2015\projects\myprojects\spiral\spiral\x64\debug\lua_systemluaexport.obj
c:\users\administrator\documents\visual studio 2015\projects\myprojects\spiral\spiral\lua_student.cpp
c:\users\administrator\documents\visual studio 2015\projects\myprojects\spiral\spiral\lua_systemluaexport.cpp
c:\users\administrator\documents\visual studio 2015\projects\myprojects\spiral\x64\debug\spiral.ilk
c:\users\administrator\documents\visual studio 2015\projects\myprojects\spiral\x64\debug\spiral.exe
c:\users\administrator\documents\visual studio 2015\projects\myprojects\spiral\x64\debug\spiral.pdb
c:\users\administrator\documents\visual studio 2015\projects\myprojects\spiral\spiral\x64\debug\spiral.tlog\cl.command.1.tlog
c:\users\administrator\documents\visual studio 2015\projects\myprojects\spiral\spiral\x64\debug\spiral.tlog\cl.read.1.tlog
c:\users\administrator\documents\visual studio 2015\projects\myprojects\spiral\spiral\x64\debug\spiral.tlog\cl.write.1.tlog
c:\users\administrator\documents\visual studio 2015\projects\myprojects\spiral\spiral\x64\debug\spiral.tlog\custombuild.command.1.tlog
c:\users\administrator\documents\visual studio 2015\projects\myprojects\spiral\spiral\x64\debug\spiral.tlog\custombuild.read.1.tlog
c:\users\administrator\documents\visual studio 2015\projects\myprojects\spiral\spiral\x64\debug\spiral.tlog\custombuild.write.1.tlog
c:\users\administrator\documents\visual studio 2015\projects\myprojects\spiral\spiral\x64\debug\spiral.tlog\link.command.1.tlog
c:\users\administrator\documents\visual studio 2015\projects\myprojects\spiral\spiral\x64\debug\spiral.tlog\link.read.1.tlog
c:\users\administrator\documents\visual studio 2015\projects\myprojects\spiral\spiral\x64\debug\spiral.tlog\link.write.1.tlog
