e:\spiral\spiral\spiral\spiral\x64\debug\spiral_server.pch
e:\spiral\spiral\spiral\spiral\x64\debug\vc140.pdb
e:\spiral\spiral\spiral\spiral\x64\debug\vc140.idb
e:\spiral\spiral\spiral\spiral\x64\debug\stdafx.obj
e:\spiral\spiral\spiral\spiral\x64\debug\luascript.obj
e:\spiral\spiral\spiral\spiral\x64\debug\spiral.obj
e:\spiral\spiral\spiral\spiral\x64\debug\basethread.obj
e:\spiral\spiral\spiral\spiral\x64\debug\spiralnetio.obj
e:\spiral\spiral\spiral\spiral\x64\debug\spiralnetthread.obj
e:\spiral\spiral\spiral\spiral\x64\debug\spiralnetmanager.obj
e:\spiral\spiral\spiral\spiral\x64\debug\streamluaexport.obj
e:\spiral\spiral\spiral\spiral\x64\debug\student.obj
e:\spiral\spiral\spiral\spiral\x64\debug\systemluaexport.obj
e:\spiral\spiral\spiral\spiral\x64\debug\lua_student.obj
e:\spiral\spiral\spiral\spiral\x64\debug\lua_systemluaexport.obj
e:\spiral\spiral\spiral\spiral\lua_student.cpp
e:\spiral\spiral\spiral\spiral\lua_systemluaexport.cpp
e:\spiral\spiral\spiral\x64\debug\spiral_server.ilk
e:\spiral\spiral\spiral\x64\debug\spiral_server.exe
e:\spiral\spiral\spiral\x64\debug\spiral_server.pdb
e:\spiral\spiral\spiral\spiral\x64\debug\spiral_server.tlog\cl.command.1.tlog
e:\spiral\spiral\spiral\spiral\x64\debug\spiral_server.tlog\cl.read.1.tlog
e:\spiral\spiral\spiral\spiral\x64\debug\spiral_server.tlog\cl.write.1.tlog
e:\spiral\spiral\spiral\spiral\x64\debug\spiral_server.tlog\custombuild.command.1.tlog
e:\spiral\spiral\spiral\spiral\x64\debug\spiral_server.tlog\custombuild.read.1.tlog
e:\spiral\spiral\spiral\spiral\x64\debug\spiral_server.tlog\custombuild.write.1.tlog
e:\spiral\spiral\spiral\spiral\x64\debug\spiral_server.tlog\link.command.1.tlog
e:\spiral\spiral\spiral\spiral\x64\debug\spiral_server.tlog\link.read.1.tlog
e:\spiral\spiral\spiral\spiral\x64\debug\spiral_server.tlog\link.write.1.tlog
