C:\Program Files (x86)\MSBuild\Microsoft.Cpp\v4.0\V140\Microsoft.CppBuild.targets(368,5): warning MSB8004: Output Directory does not end with a trailing slash.  This build instance will add the slash as it is required to allow proper evaluation of the Output Directory.
  Building Custom Rule E:/SPIRAL/SPIRAL/Spiral/Dependencies/protobuf-3.1.x/cmake/CMakeLists.txt
  CMake does not need to re-run because E:/SPIRAL/SPIRAL/Spiral/Dependencies/protobuf-3.1.x/vs2015/CMakeFiles/generate.stamp is up-to-date.
  arena.cc
  arenastring.cc
  extension_set.cc
  generated_message_util.cc
  coded_stream.cc
  zero_copy_stream.cc
  zero_copy_stream_impl_lite.cc
  message_lite.cc
  repeated_field.cc
  atomicops_internals_x86_gcc.cc
  atomicops_internals_x86_msvc.cc
  bytestream.cc
  common.cc
  int128.cc
  once.cc
  status.cc
  statusor.cc
  stringpiece.cc
  stringprintf.cc
  structurally_valid.cc
  strutil.cc
  time.cc
  wire_format_lite.cc
atomicops_internals_x86_gcc.obj : warning LNK4221: 此对象文件未定义任何之前未定义的公共符号，因此任何耗用此库的链接操作都不会使用此文件
  libprotobuf-lite.vcxproj -> E:\SPIRAL\SPIRAL\Spiral\Dependencies\protobuf-3.1.x\vs2015\..\..\lib\Debug\libprotobuf-lited.lib
