C:\Program Files (x86)\MSBuild\Microsoft.Cpp\v4.0\V140\Microsoft.CppBuild.targets(368,5): warning MSB8004: Output Directory does not end with a trailing slash.  This build instance will add the slash as it is required to allow proper evaluation of the Output Directory.
  Building Custom Rule E:/SPIRAL/SPIRAL/Spiral/Dependencies/protobuf-3.1.x/cmake/CMakeLists.txt
  CMake does not need to re-run because E:/SPIRAL/SPIRAL/Spiral/Dependencies/protobuf-3.1.x/vs2015/CMakeFiles/generate.stamp is up-to-date.
  arena.cc
  arenastring.cc
  extension_set.cc
  generated_message_util.cc
  coded_stream.cc
  zero_copy_stream.cc
  zero_copy_stream_impl_lite.cc
  message_lite.cc
  repeated_field.cc
  atomicops_internals_x86_gcc.cc
  atomicops_internals_x86_msvc.cc
  bytestream.cc
  common.cc
  int128.cc
  once.cc
  status.cc
  statusor.cc
  stringpiece.cc
  stringprintf.cc
  structurally_valid.cc
  strutil.cc
  time.cc
  wire_format_lite.cc
  any.cc
  any.pb.cc
  api.pb.cc
  importer.cc
  parser.cc
  descriptor.cc
  descriptor.pb.cc
  descriptor_database.cc
  duration.pb.cc
  dynamic_message.cc
  empty.pb.cc
  extension_set_heavy.cc
  field_mask.pb.cc
  generated_message_reflection.cc
  gzip_stream.cc
  printer.cc
  strtod.cc
  tokenizer.cc
E:\SPIRAL\SPIRAL\Spiral\Dependencies\protobuf-3.1.x\src\google\protobuf\generated_message_reflection.cc(2035): warning C4065: switch 语句包含“default”但是未包含“case”标签
  zero_copy_stream_impl.cc
E:\SPIRAL\SPIRAL\Spiral\Dependencies\protobuf-3.1.x\src\google\protobuf\generated_message_reflection.cc(2304): warning C4506: 内联函数“google::protobuf::Arena *google::protobuf::internal::GenericTypeHandler<google::protobuf::Message>::GetArena(GenericType *)”没有定义
          with
          [
              GenericType=google::protobuf::Message
          ]
E:\SPIRAL\SPIRAL\Spiral\Dependencies\protobuf-3.1.x\src\google\protobuf\generated_message_reflection.cc(2304): warning C4506: 内联函数“void *google::protobuf::internal::GenericTypeHandler<google::protobuf::Message>::GetMaybeArenaPointer(GenericType *)”没有定义
          with
          [
              GenericType=google::protobuf::Message
          ]
  map_field.cc
  message.cc
  reflection_ops.cc
  service.cc
  source_context.pb.cc
E:\SPIRAL\SPIRAL\Spiral\Dependencies\protobuf-3.1.x\src\google\protobuf\map_field.cc(472): warning C4506: 内联函数“google::protobuf::Arena *google::protobuf::internal::GenericTypeHandler<google::protobuf::Message>::GetArena(GenericType *)”没有定义
          with
          [
              GenericType=google::protobuf::Message
          ]
E:\SPIRAL\SPIRAL\Spiral\Dependencies\protobuf-3.1.x\src\google\protobuf\map_field.cc(472): warning C4506: 内联函数“void *google::protobuf::internal::GenericTypeHandler<google::protobuf::Message>::GetMaybeArenaPointer(GenericType *)”没有定义
          with
          [
              GenericType=google::protobuf::Message
          ]
  struct.pb.cc
  mathlimits.cc
  substitute.cc
  text_format.cc
  timestamp.pb.cc
  type.pb.cc
  unknown_field_set.cc
  field_comparator.cc
  field_mask_util.cc
  datapiece.cc
  default_value_objectwriter.cc
  error_listener.cc
  field_mask_utility.cc
  json_escaping.cc
  json_objectwriter.cc
  json_stream_parser.cc
  object_writer.cc
  proto_writer.cc
  protostream_objectsource.cc
  protostream_objectwriter.cc
  type_info.cc
  type_info_test_helper.cc
  utility.cc
  json_util.cc
  message_differencer.cc
  time_util.cc
  type_resolver_util.cc
  wire_format.cc
  wrappers.pb.cc
error_listener.obj : warning LNK4221: 此对象文件未定义任何之前未定义的公共符号，因此任何耗用此库的链接操作都不会使用此文件
atomicops_internals_x86_gcc.obj : warning LNK4221: 此对象文件未定义任何之前未定义的公共符号，因此任何耗用此库的链接操作都不会使用此文件
  libprotobuf.vcxproj -> E:\SPIRAL\SPIRAL\Spiral\Dependencies\protobuf-3.1.x\vs2015\..\..\lib\Debug\libprotobufd.lib
