e:\spiral\spiral\spiral\dependencies\protobuf-3.1.x\vs2015\libprotobuf.dir\debug\extension_set.obj
e:\spiral\spiral\spiral\dependencies\protobuf-3.1.x\vs2015\libprotobuf.dir\debug\message_lite.obj
e:\spiral\spiral\spiral\dependencies\protobuf-3.1.x\vs2015\libprotobuf.dir\debug\bytestream.obj
e:\spiral\spiral\spiral\dependencies\protobuf-3.1.x\vs2015\libprotobuf.dir\debug\status.obj
e:\spiral\spiral\spiral\dependencies\protobuf-3.1.x\vs2015\libprotobuf.dir\debug\stringprintf.obj
e:\spiral\spiral\spiral\dependencies\protobuf-3.1.x\vs2015\libprotobuf.dir\debug\wire_format_lite.obj
e:\spiral\spiral\spiral\dependencies\protobuf-3.1.x\vs2015\libprotobuf.dir\debug\importer.obj
e:\spiral\spiral\spiral\dependencies\protobuf-3.1.x\vs2015\libprotobuf.dir\debug\descriptor_database.obj
e:\spiral\spiral\spiral\dependencies\protobuf-3.1.x\vs2015\libprotobuf.dir\debug\empty.pb.obj
e:\spiral\spiral\spiral\dependencies\protobuf-3.1.x\vs2015\libprotobuf.dir\debug\generated_message_reflection.obj
e:\spiral\spiral\spiral\dependencies\protobuf-3.1.x\vs2015\libprotobuf.dir\debug\message.obj
e:\spiral\spiral\spiral\dependencies\protobuf-3.1.x\vs2015\libprotobuf.dir\debug\substitute.obj
e:\spiral\spiral\spiral\dependencies\protobuf-3.1.x\vs2015\libprotobuf.dir\debug\timestamp.pb.obj
e:\spiral\spiral\spiral\dependencies\protobuf-3.1.x\vs2015\libprotobuf.dir\debug\unknown_field_set.obj
e:\spiral\spiral\spiral\dependencies\protobuf-3.1.x\vs2015\libprotobuf.dir\debug\error_listener.obj
e:\spiral\spiral\spiral\dependencies\protobuf-3.1.x\vs2015\libprotobuf.dir\debug\json_escaping.obj
e:\spiral\spiral\spiral\dependencies\protobuf-3.1.x\vs2015\libprotobuf.dir\debug\object_writer.obj
e:\spiral\spiral\spiral\dependencies\protobuf-3.1.x\vs2015\libprotobuf.dir\debug\protostream_objectwriter.obj
e:\spiral\spiral\spiral\dependencies\protobuf-3.1.x\vs2015\libprotobuf.dir\debug\json_util.obj
e:\spiral\spiral\spiral\dependencies\protobuf-3.1.x\vs2015\libprotobuf.dir\debug\wire_format.obj
e:\spiral\spiral\spiral\dependencies\protobuf-3.1.x\vs2015\libprotobuf.dir\debug\generated_message_util.obj
e:\spiral\spiral\spiral\dependencies\protobuf-3.1.x\vs2015\libprotobuf.dir\debug\zero_copy_stream.obj
e:\spiral\spiral\spiral\dependencies\protobuf-3.1.x\vs2015\libprotobuf.dir\debug\atomicops_internals_x86_gcc.obj
e:\spiral\spiral\spiral\dependencies\protobuf-3.1.x\vs2015\libprotobuf.dir\debug\common.obj
e:\spiral\spiral\spiral\dependencies\protobuf-3.1.x\vs2015\libprotobuf.dir\debug\stringpiece.obj
e:\spiral\spiral\spiral\dependencies\protobuf-3.1.x\vs2015\libprotobuf.dir\debug\time.obj
e:\spiral\spiral\spiral\dependencies\protobuf-3.1.x\vs2015\libprotobuf.dir\debug\api.pb.obj
e:\spiral\spiral\spiral\dependencies\protobuf-3.1.x\vs2015\libprotobuf.dir\debug\descriptor.pb.obj
e:\spiral\spiral\spiral\dependencies\protobuf-3.1.x\vs2015\libprotobuf.dir\debug\dynamic_message.obj
e:\spiral\spiral\spiral\dependencies\protobuf-3.1.x\vs2015\libprotobuf.dir\debug\field_mask.pb.obj
e:\spiral\spiral\spiral\dependencies\protobuf-3.1.x\vs2015\libprotobuf.dir\debug\strtod.obj
e:\spiral\spiral\spiral\dependencies\protobuf-3.1.x\vs2015\libprotobuf.dir\debug\map_field.obj
e:\spiral\spiral\spiral\dependencies\protobuf-3.1.x\vs2015\libprotobuf.dir\debug\source_context.pb.obj
e:\spiral\spiral\spiral\dependencies\protobuf-3.1.x\vs2015\libprotobuf.dir\debug\type.pb.obj
e:\spiral\spiral\spiral\dependencies\protobuf-3.1.x\vs2015\libprotobuf.dir\debug\field_mask_util.obj
e:\spiral\spiral\spiral\dependencies\protobuf-3.1.x\vs2015\libprotobuf.dir\debug\field_mask_utility.obj
e:\spiral\spiral\spiral\dependencies\protobuf-3.1.x\vs2015\libprotobuf.dir\debug\json_objectwriter.obj
e:\spiral\spiral\spiral\dependencies\protobuf-3.1.x\vs2015\libprotobuf.dir\debug\type_info.obj
e:\spiral\spiral\spiral\dependencies\protobuf-3.1.x\vs2015\libprotobuf.dir\debug\utility.obj
e:\spiral\spiral\spiral\dependencies\protobuf-3.1.x\vs2015\libprotobuf.dir\debug\type_resolver_util.obj
e:\spiral\spiral\spiral\dependencies\protobuf-3.1.x\vs2015\libprotobuf.dir\debug\arenastring.obj
e:\spiral\spiral\spiral\dependencies\protobuf-3.1.x\vs2015\libprotobuf.dir\debug\coded_stream.obj
e:\spiral\spiral\spiral\dependencies\protobuf-3.1.x\vs2015\libprotobuf.dir\debug\repeated_field.obj
e:\spiral\spiral\spiral\dependencies\protobuf-3.1.x\vs2015\libprotobuf.dir\debug\int128.obj
e:\spiral\spiral\spiral\dependencies\protobuf-3.1.x\vs2015\libprotobuf.dir\debug\statusor.obj
e:\spiral\spiral\spiral\dependencies\protobuf-3.1.x\vs2015\libprotobuf.dir\debug\strutil.obj
e:\spiral\spiral\spiral\dependencies\protobuf-3.1.x\vs2015\libprotobuf.dir\debug\any.pb.obj
e:\spiral\spiral\spiral\dependencies\protobuf-3.1.x\vs2015\libprotobuf.dir\debug\descriptor.obj
e:\spiral\spiral\spiral\dependencies\protobuf-3.1.x\vs2015\libprotobuf.dir\debug\tokenizer.obj
e:\spiral\spiral\spiral\dependencies\protobuf-3.1.x\vs2015\libprotobuf.dir\debug\reflection_ops.obj
e:\spiral\spiral\spiral\dependencies\protobuf-3.1.x\vs2015\libprotobuf.dir\debug\mathlimits.obj
e:\spiral\spiral\spiral\dependencies\protobuf-3.1.x\vs2015\libprotobuf.dir\debug\text_format.obj
e:\spiral\spiral\spiral\dependencies\protobuf-3.1.x\vs2015\libprotobuf.dir\debug\datapiece.obj
e:\spiral\spiral\spiral\dependencies\protobuf-3.1.x\vs2015\libprotobuf.dir\debug\json_stream_parser.obj
e:\spiral\spiral\spiral\dependencies\protobuf-3.1.x\vs2015\libprotobuf.dir\debug\protostream_objectsource.obj
e:\spiral\spiral\spiral\dependencies\protobuf-3.1.x\vs2015\libprotobuf.dir\debug\message_differencer.obj
e:\spiral\spiral\spiral\dependencies\protobuf-3.1.x\vs2015\libprotobuf.dir\debug\wrappers.pb.obj
e:\spiral\spiral\spiral\dependencies\protobuf-3.1.x\vs2015\libprotobuf.dir\debug\arena.obj
e:\spiral\spiral\spiral\dependencies\protobuf-3.1.x\vs2015\libprotobuf.dir\debug\zero_copy_stream_impl_lite.obj
e:\spiral\spiral\spiral\dependencies\protobuf-3.1.x\vs2015\libprotobuf.dir\debug\atomicops_internals_x86_msvc.obj
e:\spiral\spiral\spiral\dependencies\protobuf-3.1.x\vs2015\libprotobuf.dir\debug\once.obj
e:\spiral\spiral\spiral\dependencies\protobuf-3.1.x\vs2015\libprotobuf.dir\debug\structurally_valid.obj
e:\spiral\spiral\spiral\dependencies\protobuf-3.1.x\vs2015\libprotobuf.dir\debug\any.obj
e:\spiral\spiral\spiral\dependencies\protobuf-3.1.x\vs2015\libprotobuf.dir\debug\parser.obj
e:\spiral\spiral\spiral\dependencies\protobuf-3.1.x\vs2015\libprotobuf.dir\debug\duration.pb.obj
e:\spiral\spiral\spiral\dependencies\protobuf-3.1.x\vs2015\libprotobuf.dir\debug\extension_set_heavy.obj
e:\spiral\spiral\spiral\dependencies\protobuf-3.1.x\vs2015\libprotobuf.dir\debug\gzip_stream.obj
e:\spiral\spiral\spiral\dependencies\protobuf-3.1.x\vs2015\libprotobuf.dir\debug\printer.obj
e:\spiral\spiral\spiral\dependencies\protobuf-3.1.x\vs2015\libprotobuf.dir\debug\zero_copy_stream_impl.obj
e:\spiral\spiral\spiral\dependencies\protobuf-3.1.x\vs2015\libprotobuf.dir\debug\service.obj
e:\spiral\spiral\spiral\dependencies\protobuf-3.1.x\vs2015\libprotobuf.dir\debug\struct.pb.obj
e:\spiral\spiral\spiral\dependencies\protobuf-3.1.x\vs2015\libprotobuf.dir\debug\field_comparator.obj
e:\spiral\spiral\spiral\dependencies\protobuf-3.1.x\vs2015\libprotobuf.dir\debug\default_value_objectwriter.obj
e:\spiral\spiral\spiral\dependencies\protobuf-3.1.x\vs2015\libprotobuf.dir\debug\proto_writer.obj
e:\spiral\spiral\spiral\dependencies\protobuf-3.1.x\vs2015\libprotobuf.dir\debug\type_info_test_helper.obj
e:\spiral\spiral\spiral\dependencies\protobuf-3.1.x\vs2015\libprotobuf.dir\debug\time_util.obj
e:\spiral\spiral\spiral\dependencies\protobuf-3.1.x\vs2015\libprotobuf.dir\debug\libprotobuf.pdb
e:\spiral\spiral\spiral\dependencies\protobuf-3.1.x\vs2015\cmakefiles\generate.stamp
e:\spiral\spiral\spiral\dependencies\lib\debug\libprotobufd.lib
e:\spiral\spiral\spiral\dependencies\protobuf-3.1.x\vs2015\..\..\lib\debug\libprotobufd.lib
e:\spiral\spiral\spiral\dependencies\protobuf-3.1.x\vs2015\libprotobuf.dir\debug\libprotobuf.tlog\cl.command.1.tlog
e:\spiral\spiral\spiral\dependencies\protobuf-3.1.x\vs2015\libprotobuf.dir\debug\libprotobuf.tlog\cl.read.1.tlog
e:\spiral\spiral\spiral\dependencies\protobuf-3.1.x\vs2015\libprotobuf.dir\debug\libprotobuf.tlog\cl.write.1.tlog
e:\spiral\spiral\spiral\dependencies\protobuf-3.1.x\vs2015\libprotobuf.dir\debug\libprotobuf.tlog\custombuild.command.1.tlog
e:\spiral\spiral\spiral\dependencies\protobuf-3.1.x\vs2015\libprotobuf.dir\debug\libprotobuf.tlog\custombuild.read.1.tlog
e:\spiral\spiral\spiral\dependencies\protobuf-3.1.x\vs2015\libprotobuf.dir\debug\libprotobuf.tlog\custombuild.write.1.tlog
e:\spiral\spiral\spiral\dependencies\protobuf-3.1.x\vs2015\libprotobuf.dir\debug\libprotobuf.tlog\lib-link.read.1.tlog
e:\spiral\spiral\spiral\dependencies\protobuf-3.1.x\vs2015\libprotobuf.dir\debug\libprotobuf.tlog\lib-link.write.1.tlog
e:\spiral\spiral\spiral\dependencies\protobuf-3.1.x\vs2015\libprotobuf.dir\debug\libprotobuf.tlog\lib.command.1.tlog
