c:\users\administrator\documents\visual studio 2015\projects\myprojects\spiral\dependencies\lua-5.1.4\lua-5.1.4\vs2013\staticlibrary\staticlibrary\x64\debug\lapi.obj
c:\users\administrator\documents\visual studio 2015\projects\myprojects\spiral\dependencies\lua-5.1.4\lua-5.1.4\vs2013\staticlibrary\staticlibrary\x64\debug\lauxlib.obj
c:\users\administrator\documents\visual studio 2015\projects\myprojects\spiral\dependencies\lua-5.1.4\lua-5.1.4\vs2013\staticlibrary\staticlibrary\x64\debug\lbaselib.obj
c:\users\administrator\documents\visual studio 2015\projects\myprojects\spiral\dependencies\lua-5.1.4\lua-5.1.4\vs2013\staticlibrary\staticlibrary\x64\debug\lcode.obj
c:\users\administrator\documents\visual studio 2015\projects\myprojects\spiral\dependencies\lua-5.1.4\lua-5.1.4\vs2013\staticlibrary\staticlibrary\x64\debug\ldblib.obj
c:\users\administrator\documents\visual studio 2015\projects\myprojects\spiral\dependencies\lua-5.1.4\lua-5.1.4\vs2013\staticlibrary\staticlibrary\x64\debug\ldebug.obj
c:\users\administrator\documents\visual studio 2015\projects\myprojects\spiral\dependencies\lua-5.1.4\lua-5.1.4\vs2013\staticlibrary\staticlibrary\x64\debug\ldo.obj
c:\users\administrator\documents\visual studio 2015\projects\myprojects\spiral\dependencies\lua-5.1.4\lua-5.1.4\vs2013\staticlibrary\staticlibrary\x64\debug\ldump.obj
c:\users\administrator\documents\visual studio 2015\projects\myprojects\spiral\dependencies\lua-5.1.4\lua-5.1.4\vs2013\staticlibrary\staticlibrary\x64\debug\lfunc.obj
c:\users\administrator\documents\visual studio 2015\projects\myprojects\spiral\dependencies\lua-5.1.4\lua-5.1.4\vs2013\staticlibrary\staticlibrary\x64\debug\lgc.obj
c:\users\administrator\documents\visual studio 2015\projects\myprojects\spiral\dependencies\lua-5.1.4\lua-5.1.4\vs2013\staticlibrary\staticlibrary\x64\debug\linit.obj
c:\users\administrator\documents\visual studio 2015\projects\myprojects\spiral\dependencies\lua-5.1.4\lua-5.1.4\vs2013\staticlibrary\staticlibrary\x64\debug\liolib.obj
c:\users\administrator\documents\visual studio 2015\projects\myprojects\spiral\dependencies\lua-5.1.4\lua-5.1.4\vs2013\staticlibrary\staticlibrary\x64\debug\llex.obj
c:\users\administrator\documents\visual studio 2015\projects\myprojects\spiral\dependencies\lua-5.1.4\lua-5.1.4\vs2013\staticlibrary\staticlibrary\x64\debug\lmathlib.obj
c:\users\administrator\documents\visual studio 2015\projects\myprojects\spiral\dependencies\lua-5.1.4\lua-5.1.4\vs2013\staticlibrary\staticlibrary\x64\debug\lmem.obj
c:\users\administrator\documents\visual studio 2015\projects\myprojects\spiral\dependencies\lua-5.1.4\lua-5.1.4\vs2013\staticlibrary\staticlibrary\x64\debug\loadlib.obj
c:\users\administrator\documents\visual studio 2015\projects\myprojects\spiral\dependencies\lua-5.1.4\lua-5.1.4\vs2013\staticlibrary\staticlibrary\x64\debug\lobject.obj
c:\users\administrator\documents\visual studio 2015\projects\myprojects\spiral\dependencies\lua-5.1.4\lua-5.1.4\vs2013\staticlibrary\staticlibrary\x64\debug\lopcodes.obj
c:\users\administrator\documents\visual studio 2015\projects\myprojects\spiral\dependencies\lua-5.1.4\lua-5.1.4\vs2013\staticlibrary\staticlibrary\x64\debug\loslib.obj
c:\users\administrator\documents\visual studio 2015\projects\myprojects\spiral\dependencies\lua-5.1.4\lua-5.1.4\vs2013\staticlibrary\staticlibrary\x64\debug\lparser.obj
c:\users\administrator\documents\visual studio 2015\projects\myprojects\spiral\dependencies\lua-5.1.4\lua-5.1.4\vs2013\staticlibrary\staticlibrary\x64\debug\lstate.obj
c:\users\administrator\documents\visual studio 2015\projects\myprojects\spiral\dependencies\lua-5.1.4\lua-5.1.4\vs2013\staticlibrary\staticlibrary\x64\debug\lstring.obj
c:\users\administrator\documents\visual studio 2015\projects\myprojects\spiral\dependencies\lua-5.1.4\lua-5.1.4\vs2013\staticlibrary\staticlibrary\x64\debug\lstrlib.obj
c:\users\administrator\documents\visual studio 2015\projects\myprojects\spiral\dependencies\lua-5.1.4\lua-5.1.4\vs2013\staticlibrary\staticlibrary\x64\debug\ltable.obj
c:\users\administrator\documents\visual studio 2015\projects\myprojects\spiral\dependencies\lua-5.1.4\lua-5.1.4\vs2013\staticlibrary\staticlibrary\x64\debug\ltablib.obj
c:\users\administrator\documents\visual studio 2015\projects\myprojects\spiral\dependencies\lua-5.1.4\lua-5.1.4\vs2013\staticlibrary\staticlibrary\x64\debug\ltm.obj
c:\users\administrator\documents\visual studio 2015\projects\myprojects\spiral\dependencies\lua-5.1.4\lua-5.1.4\vs2013\staticlibrary\staticlibrary\x64\debug\lundump.obj
c:\users\administrator\documents\visual studio 2015\projects\myprojects\spiral\dependencies\lua-5.1.4\lua-5.1.4\vs2013\staticlibrary\staticlibrary\x64\debug\lvm.obj
c:\users\administrator\documents\visual studio 2015\projects\myprojects\spiral\dependencies\lua-5.1.4\lua-5.1.4\vs2013\staticlibrary\staticlibrary\x64\debug\lzio.obj
c:\users\administrator\documents\visual studio 2015\projects\myprojects\spiral\dependencies\lua-5.1.4\lua-5.1.4\vs2013\staticlibrary\staticlibrary\x64\debug\print.obj
c:\users\administrator\documents\visual studio 2015\projects\myprojects\spiral\dependencies\lua-5.1.4\lua-5.1.4\vs2013\staticlibrary\staticlibrary\x64\debug\staticlibrary.idb
c:\users\administrator\documents\visual studio 2015\projects\myprojects\spiral\dependencies\lua-5.1.4\lua-5.1.4\vs2013\staticlibrary\staticlibrary\x64\debug\staticlibrary.pdb
c:\users\administrator\documents\visual studio 2015\projects\myprojects\spiral\dependencies\lua-5.1.4\lua-5.1.4\vs2013\staticlibrary\staticlibrary\..\..\..\..\..\lib\debug\lua5.1.4.lib
