C:\Program Files (x86)\MSBuild\Microsoft.Cpp\v4.0\V140\Microsoft.CppBuild.targets(368,5): warning MSB8004: Output Directory does not end with a trailing slash.  This build instance will add the slash as it is required to allow proper evaluation of the Output Directory.
  tolua.c
  tolua_event.c
  tolua_is.c
..\..\src\lib\tolua_is.c(119): warning C4114: 多次使用同一类型限定符
  tolua_map.c
..\..\src\lib\tolua_map.c(398): warning C4090: “函数”: 不同的“const”限定符
..\..\src\lib\tolua_map.c(395): warning C4996: 'strncat': This function or variable may be unsafe. Consider using strncat_s instead. To disable deprecation, use _CRT_SECURE_NO_WARNINGS. See online help for details.
  C:\Program Files (x86)\Windows Kits\10\Include\10.0.10240.0\ucrt\string.h(255): note: 参见“strncat”的声明
..\..\src\lib\tolua_map.c(525): warning C4996: 'strncat': This function or variable may be unsafe. Consider using strncat_s instead. To disable deprecation, use _CRT_SECURE_NO_WARNINGS. See online help for details.
  C:\Program Files (x86)\Windows Kits\10\Include\10.0.10240.0\ucrt\string.h(255): note: 参见“strncat”的声明
..\..\src\lib\tolua_map.c(526): warning C4996: 'strncat': This function or variable may be unsafe. Consider using strncat_s instead. To disable deprecation, use _CRT_SECURE_NO_WARNINGS. See online help for details.
  C:\Program Files (x86)\Windows Kits\10\Include\10.0.10240.0\ucrt\string.h(255): note: 参见“strncat”的声明
  tolua_push.c
  tolua_to.c
  toluabind.c
  正在生成代码...
C:\Program Files (x86)\MSBuild\Microsoft.Cpp\v4.0\V140\Microsoft.CppBuild.targets(1189,5): warning MSB8012: TargetPath(C:\Users\Administrator\Documents\Visual Studio 2015\Projects\MyProjects\Lua Develope Package\toluapp-master\tolua++\win32\vc7\..\..\..\..\toluapp.exe) does not match the Linker's OutputFile property value (C:\Users\Administrator\Documents\Visual Studio 2015\Projects\MyProjects\Lua Develope Package\toluapp-master\tolua++\bin\tolua++.exe). This may cause your project to build incorrectly. To correct this, please make sure that $(OutDir), $(TargetName) and $(TargetExt) property values match the value specified in %(Link.OutputFile).
C:\Program Files (x86)\MSBuild\Microsoft.Cpp\v4.0\V140\Microsoft.CppBuild.targets(1191,5): warning MSB8012: TargetName(toluapp) does not match the Linker's OutputFile property value (tolua++). This may cause your project to build incorrectly. To correct this, please make sure that $(OutDir), $(TargetName) and $(TargetExt) property values match the value specified in %(Link.OutputFile).
lua5.1.4.lib(lapi.obj) : warning LNK4075: 忽略“/EDITANDCONTINUE”(由于“/OPT:ICF”规范)
  toluapp.vcxproj -> C:\Users\Administrator\Documents\Visual Studio 2015\Projects\MyProjects\Lua Develope Package\toluapp-master\tolua++\win32\vc7\..\..\..\..\toluapp.exe
  toluapp.vcxproj -> ..\..\..\..\toluapp.pdb (Full PDB)
