e:\spiral\spiral\spiral\dependencies\protobuf-3.1.x\vs2015\libprotoc.dir\debug\code_generator.obj
e:\spiral\spiral\spiral\dependencies\protobuf-3.1.x\vs2015\libprotoc.dir\debug\cpp_extension.obj
e:\spiral\spiral\spiral\dependencies\protobuf-3.1.x\vs2015\libprotoc.dir\debug\cpp_generator.obj
e:\spiral\spiral\spiral\dependencies\protobuf-3.1.x\vs2015\libprotoc.dir\debug\cpp_message.obj
e:\spiral\spiral\spiral\dependencies\protobuf-3.1.x\vs2015\libprotoc.dir\debug\csharp_generator.obj
e:\spiral\spiral\spiral\dependencies\protobuf-3.1.x\vs2015\libprotoc.dir\debug\csharp_message.obj
e:\spiral\spiral\spiral\dependencies\protobuf-3.1.x\vs2015\libprotoc.dir\debug\csharp_reflection_class.obj
e:\spiral\spiral\spiral\dependencies\protobuf-3.1.x\vs2015\libprotoc.dir\debug\csharp_repeated_primitive_field.obj
e:\spiral\spiral\spiral\dependencies\protobuf-3.1.x\vs2015\libprotoc.dir\debug\java_doc_comment.obj
e:\spiral\spiral\spiral\dependencies\protobuf-3.1.x\vs2015\libprotoc.dir\debug\java_enum_lite.obj
e:\spiral\spiral\spiral\dependencies\protobuf-3.1.x\vs2015\libprotoc.dir\debug\java_field.obj
e:\spiral\spiral\spiral\dependencies\protobuf-3.1.x\vs2015\libprotoc.dir\debug\java_helpers.obj
e:\spiral\spiral\spiral\dependencies\protobuf-3.1.x\vs2015\libprotoc.dir\debug\java_map_field_lite.obj
e:\spiral\spiral\spiral\dependencies\protobuf-3.1.x\vs2015\libprotoc.dir\debug\java_message_field.obj
e:\spiral\spiral\spiral\dependencies\protobuf-3.1.x\vs2015\libprotoc.dir\debug\java_primitive_field.obj
e:\spiral\spiral\spiral\dependencies\protobuf-3.1.x\vs2015\libprotoc.dir\debug\java_string_field.obj
e:\spiral\spiral\spiral\dependencies\protobuf-3.1.x\vs2015\libprotoc.dir\debug\javanano_extension.obj
e:\spiral\spiral\spiral\dependencies\protobuf-3.1.x\vs2015\libprotoc.dir\debug\javanano_generator.obj
e:\spiral\spiral\spiral\dependencies\protobuf-3.1.x\vs2015\libprotoc.dir\debug\javanano_message.obj
e:\spiral\spiral\spiral\dependencies\protobuf-3.1.x\vs2015\libprotoc.dir\debug\objectivec_enum.obj
e:\spiral\spiral\spiral\dependencies\protobuf-3.1.x\vs2015\libprotoc.dir\debug\objectivec_file.obj
e:\spiral\spiral\spiral\dependencies\protobuf-3.1.x\vs2015\libprotoc.dir\debug\objectivec_message.obj
e:\spiral\spiral\spiral\dependencies\protobuf-3.1.x\vs2015\libprotoc.dir\debug\plugin.obj
e:\spiral\spiral\spiral\dependencies\protobuf-3.1.x\vs2015\libprotoc.dir\debug\subprocess.obj
e:\spiral\spiral\spiral\dependencies\protobuf-3.1.x\vs2015\libprotoc.dir\debug\cpp_enum.obj
e:\spiral\spiral\spiral\dependencies\protobuf-3.1.x\vs2015\libprotoc.dir\debug\cpp_file.obj
e:\spiral\spiral\spiral\dependencies\protobuf-3.1.x\vs2015\libprotoc.dir\debug\cpp_message_field.obj
e:\spiral\spiral\spiral\dependencies\protobuf-3.1.x\vs2015\libprotoc.dir\debug\cpp_string_field.obj
e:\spiral\spiral\spiral\dependencies\protobuf-3.1.x\vs2015\libprotoc.dir\debug\csharp_enum_field.obj
e:\spiral\spiral\spiral\dependencies\protobuf-3.1.x\vs2015\libprotoc.dir\debug\csharp_map_field.obj
e:\spiral\spiral\spiral\dependencies\protobuf-3.1.x\vs2015\libprotoc.dir\debug\csharp_repeated_enum_field.obj
e:\spiral\spiral\spiral\dependencies\protobuf-3.1.x\vs2015\libprotoc.dir\debug\java_context.obj
e:\spiral\spiral\spiral\dependencies\protobuf-3.1.x\vs2015\libprotoc.dir\debug\java_enum_field_lite.obj
e:\spiral\spiral\spiral\dependencies\protobuf-3.1.x\vs2015\libprotoc.dir\debug\java_file.obj
e:\spiral\spiral\spiral\dependencies\protobuf-3.1.x\vs2015\libprotoc.dir\debug\java_lazy_message_field.obj
e:\spiral\spiral\spiral\dependencies\protobuf-3.1.x\vs2015\libprotoc.dir\debug\java_message.obj
e:\spiral\spiral\spiral\dependencies\protobuf-3.1.x\vs2015\libprotoc.dir\debug\java_name_resolver.obj
e:\spiral\spiral\spiral\dependencies\protobuf-3.1.x\vs2015\libprotoc.dir\debug\java_shared_code_generator.obj
e:\spiral\spiral\spiral\dependencies\protobuf-3.1.x\vs2015\libprotoc.dir\debug\javanano_enum_field.obj
e:\spiral\spiral\spiral\dependencies\protobuf-3.1.x\vs2015\libprotoc.dir\debug\javanano_helpers.obj
e:\spiral\spiral\spiral\dependencies\protobuf-3.1.x\vs2015\libprotoc.dir\debug\javanano_primitive_field.obj
e:\spiral\spiral\spiral\dependencies\protobuf-3.1.x\vs2015\libprotoc.dir\debug\objectivec_extension.obj
e:\spiral\spiral\spiral\dependencies\protobuf-3.1.x\vs2015\libprotoc.dir\debug\objectivec_helpers.obj
e:\spiral\spiral\spiral\dependencies\protobuf-3.1.x\vs2015\libprotoc.dir\debug\objectivec_oneof.obj
e:\spiral\spiral\spiral\dependencies\protobuf-3.1.x\vs2015\libprotoc.dir\debug\plugin.pb.obj
e:\spiral\spiral\spiral\dependencies\protobuf-3.1.x\vs2015\libprotoc.dir\debug\zip_writer.obj
e:\spiral\spiral\spiral\dependencies\protobuf-3.1.x\vs2015\libprotoc.dir\debug\cpp_enum_field.obj
e:\spiral\spiral\spiral\dependencies\protobuf-3.1.x\vs2015\libprotoc.dir\debug\cpp_field.obj
e:\spiral\spiral\spiral\dependencies\protobuf-3.1.x\vs2015\libprotoc.dir\debug\cpp_map_field.obj
e:\spiral\spiral\spiral\dependencies\protobuf-3.1.x\vs2015\libprotoc.dir\debug\cpp_service.obj
e:\spiral\spiral\spiral\dependencies\protobuf-3.1.x\vs2015\libprotoc.dir\debug\csharp_enum.obj
e:\spiral\spiral\spiral\dependencies\protobuf-3.1.x\vs2015\libprotoc.dir\debug\csharp_helpers.obj
e:\spiral\spiral\spiral\dependencies\protobuf-3.1.x\vs2015\libprotoc.dir\debug\csharp_primitive_field.obj
e:\spiral\spiral\spiral\dependencies\protobuf-3.1.x\vs2015\libprotoc.dir\debug\csharp_source_generator_base.obj
e:\spiral\spiral\spiral\dependencies\protobuf-3.1.x\vs2015\libprotoc.dir\debug\java_enum.obj
e:\spiral\spiral\spiral\dependencies\protobuf-3.1.x\vs2015\libprotoc.dir\debug\java_extension_lite.obj
e:\spiral\spiral\spiral\dependencies\protobuf-3.1.x\vs2015\libprotoc.dir\debug\java_generator_factory.obj
e:\spiral\spiral\spiral\dependencies\protobuf-3.1.x\vs2015\libprotoc.dir\debug\java_map_field.obj
e:\spiral\spiral\spiral\dependencies\protobuf-3.1.x\vs2015\libprotoc.dir\debug\java_message_builder_lite.obj
e:\spiral\spiral\spiral\dependencies\protobuf-3.1.x\vs2015\libprotoc.dir\debug\java_message_lite.obj
e:\spiral\spiral\spiral\dependencies\protobuf-3.1.x\vs2015\libprotoc.dir\debug\java_service.obj
e:\spiral\spiral\spiral\dependencies\protobuf-3.1.x\vs2015\libprotoc.dir\debug\javanano_enum.obj
e:\spiral\spiral\spiral\dependencies\protobuf-3.1.x\vs2015\libprotoc.dir\debug\javanano_file.obj
e:\spiral\spiral\spiral\dependencies\protobuf-3.1.x\vs2015\libprotoc.dir\debug\javanano_message_field.obj
e:\spiral\spiral\spiral\dependencies\protobuf-3.1.x\vs2015\libprotoc.dir\debug\objectivec_enum_field.obj
e:\spiral\spiral\spiral\dependencies\protobuf-3.1.x\vs2015\libprotoc.dir\debug\objectivec_generator.obj
e:\spiral\spiral\spiral\dependencies\protobuf-3.1.x\vs2015\libprotoc.dir\debug\objectivec_message_field.obj
e:\spiral\spiral\spiral\dependencies\protobuf-3.1.x\vs2015\libprotoc.dir\debug\php_generator.obj
e:\spiral\spiral\spiral\dependencies\protobuf-3.1.x\vs2015\libprotoc.dir\debug\ruby_generator.obj
e:\spiral\spiral\spiral\dependencies\protobuf-3.1.x\vs2015\libprotoc.dir\debug\command_line_interface.obj
e:\spiral\spiral\spiral\dependencies\protobuf-3.1.x\vs2015\libprotoc.dir\debug\cpp_helpers.obj
e:\spiral\spiral\spiral\dependencies\protobuf-3.1.x\vs2015\libprotoc.dir\debug\cpp_primitive_field.obj
e:\spiral\spiral\spiral\dependencies\protobuf-3.1.x\vs2015\libprotoc.dir\debug\csharp_doc_comment.obj
e:\spiral\spiral\spiral\dependencies\protobuf-3.1.x\vs2015\libprotoc.dir\debug\csharp_field_base.obj
e:\spiral\spiral\spiral\dependencies\protobuf-3.1.x\vs2015\libprotoc.dir\debug\csharp_message_field.obj
e:\spiral\spiral\spiral\dependencies\protobuf-3.1.x\vs2015\libprotoc.dir\debug\csharp_repeated_message_field.obj
e:\spiral\spiral\spiral\dependencies\protobuf-3.1.x\vs2015\libprotoc.dir\debug\csharp_wrapper_field.obj
e:\spiral\spiral\spiral\dependencies\protobuf-3.1.x\vs2015\libprotoc.dir\debug\java_enum_field.obj
e:\spiral\spiral\spiral\dependencies\protobuf-3.1.x\vs2015\libprotoc.dir\debug\java_extension.obj
e:\spiral\spiral\spiral\dependencies\protobuf-3.1.x\vs2015\libprotoc.dir\debug\java_generator.obj
e:\spiral\spiral\spiral\dependencies\protobuf-3.1.x\vs2015\libprotoc.dir\debug\java_lazy_message_field_lite.obj
e:\spiral\spiral\spiral\dependencies\protobuf-3.1.x\vs2015\libprotoc.dir\debug\java_message_builder.obj
e:\spiral\spiral\spiral\dependencies\protobuf-3.1.x\vs2015\libprotoc.dir\debug\java_message_field_lite.obj
e:\spiral\spiral\spiral\dependencies\protobuf-3.1.x\vs2015\libprotoc.dir\debug\java_primitive_field_lite.obj
e:\spiral\spiral\spiral\dependencies\protobuf-3.1.x\vs2015\libprotoc.dir\debug\java_string_field_lite.obj
e:\spiral\spiral\spiral\dependencies\protobuf-3.1.x\vs2015\libprotoc.dir\debug\javanano_field.obj
e:\spiral\spiral\spiral\dependencies\protobuf-3.1.x\vs2015\libprotoc.dir\debug\javanano_map_field.obj
e:\spiral\spiral\spiral\dependencies\protobuf-3.1.x\vs2015\libprotoc.dir\debug\js_generator.obj
e:\spiral\spiral\spiral\dependencies\protobuf-3.1.x\vs2015\libprotoc.dir\debug\objectivec_field.obj
e:\spiral\spiral\spiral\dependencies\protobuf-3.1.x\vs2015\libprotoc.dir\debug\objectivec_map_field.obj
e:\spiral\spiral\spiral\dependencies\protobuf-3.1.x\vs2015\libprotoc.dir\debug\objectivec_primitive_field.obj
e:\spiral\spiral\spiral\dependencies\protobuf-3.1.x\vs2015\libprotoc.dir\debug\python_generator.obj
e:\spiral\spiral\spiral\dependencies\protobuf-3.1.x\vs2015\libprotoc.dir\debug\libprotoc.pdb
e:\spiral\spiral\spiral\dependencies\protobuf-3.1.x\vs2015\cmakefiles\generate.stamp
e:\spiral\spiral\spiral\dependencies\lib\debug\libprotocd.lib
e:\spiral\spiral\spiral\dependencies\protobuf-3.1.x\vs2015\..\..\lib\debug\libprotocd.lib
e:\spiral\spiral\spiral\dependencies\protobuf-3.1.x\vs2015\libprotoc.dir\debug\libprotoc.tlog\cl.command.1.tlog
e:\spiral\spiral\spiral\dependencies\protobuf-3.1.x\vs2015\libprotoc.dir\debug\libprotoc.tlog\cl.read.1.tlog
e:\spiral\spiral\spiral\dependencies\protobuf-3.1.x\vs2015\libprotoc.dir\debug\libprotoc.tlog\cl.write.1.tlog
e:\spiral\spiral\spiral\dependencies\protobuf-3.1.x\vs2015\libprotoc.dir\debug\libprotoc.tlog\custombuild.command.1.tlog
e:\spiral\spiral\spiral\dependencies\protobuf-3.1.x\vs2015\libprotoc.dir\debug\libprotoc.tlog\custombuild.read.1.tlog
e:\spiral\spiral\spiral\dependencies\protobuf-3.1.x\vs2015\libprotoc.dir\debug\libprotoc.tlog\custombuild.write.1.tlog
e:\spiral\spiral\spiral\dependencies\protobuf-3.1.x\vs2015\libprotoc.dir\debug\libprotoc.tlog\lib-link.read.1.tlog
e:\spiral\spiral\spiral\dependencies\protobuf-3.1.x\vs2015\libprotoc.dir\debug\libprotoc.tlog\lib-link.write.1.tlog
e:\spiral\spiral\spiral\dependencies\protobuf-3.1.x\vs2015\libprotoc.dir\debug\libprotoc.tlog\lib.command.1.tlog
