C:\Program Files (x86)\MSBuild\Microsoft.Cpp\v4.0\V140\Microsoft.CppBuild.targets(368,5): warning MSB8004: Output Directory does not end with a trailing slash.  This build instance will add the slash as it is required to allow proper evaluation of the Output Directory.
  Building Custom Rule E:/SPIRAL/SPIRAL/Spiral/Dependencies/protobuf-3.1.x/cmake/CMakeLists.txt
  CMake does not need to re-run because E:/SPIRAL/SPIRAL/Spiral/Dependencies/protobuf-3.1.x/vs2015/CMakeFiles/generate.stamp is up-to-date.
  code_generator.cc
  command_line_interface.cc
  cpp_enum.cc
  cpp_enum_field.cc
  cpp_extension.cc
  cpp_field.cc
  cpp_file.cc
  cpp_generator.cc
  cpp_helpers.cc
  cpp_map_field.cc
  cpp_message.cc
  cpp_message_field.cc
  cpp_primitive_field.cc
  cpp_service.cc
E:\SPIRAL\SPIRAL\Spiral\Dependencies\protobuf-3.1.x\src\google\protobuf\compiler\cpp\cpp_message.cc(1205): warning C4065: switch 语句包含“default”但是未包含“case”标签
  cpp_string_field.cc
  csharp_doc_comment.cc
  csharp_enum.cc
  csharp_enum_field.cc
  csharp_field_base.cc
  csharp_generator.cc
  csharp_helpers.cc
  csharp_map_field.cc
  csharp_message.cc
  csharp_message_field.cc
  csharp_primitive_field.cc
  csharp_reflection_class.cc
  csharp_repeated_enum_field.cc
  csharp_repeated_message_field.cc
  csharp_repeated_primitive_field.cc
  csharp_source_generator_base.cc
  csharp_wrapper_field.cc
  java_context.cc
  java_doc_comment.cc
  java_enum.cc
  java_enum_field.cc
  java_enum_field_lite.cc
  java_enum_lite.cc
  java_extension.cc
  java_extension_lite.cc
  java_field.cc
  java_file.cc
  java_generator.cc
  java_generator_factory.cc
  java_helpers.cc
  java_lazy_message_field.cc
  java_lazy_message_field_lite.cc
  java_map_field.cc
  java_map_field_lite.cc
  java_message.cc
  java_message_builder.cc
  java_message_builder_lite.cc
  java_message_field.cc
  java_message_field_lite.cc
  java_message_lite.cc
  java_name_resolver.cc
  java_primitive_field.cc
  java_primitive_field_lite.cc
  java_service.cc
  java_shared_code_generator.cc
  java_string_field.cc
  java_string_field_lite.cc
  javanano_enum.cc
  javanano_enum_field.cc
  javanano_extension.cc
  javanano_field.cc
  javanano_file.cc
  javanano_generator.cc
  javanano_helpers.cc
  javanano_map_field.cc
  javanano_message.cc
  javanano_message_field.cc
  javanano_primitive_field.cc
  js_generator.cc
  objectivec_enum.cc
  objectivec_enum_field.cc
  objectivec_extension.cc
  objectivec_field.cc
  objectivec_file.cc
  objectivec_generator.cc
  objectivec_helpers.cc
  objectivec_map_field.cc
  objectivec_message.cc
  objectivec_message_field.cc
  objectivec_oneof.cc
  objectivec_primitive_field.cc
  php_generator.cc
  plugin.cc
  plugin.pb.cc
  python_generator.cc
  ruby_generator.cc
  subprocess.cc
  zip_writer.cc
  libprotoc.vcxproj -> E:\SPIRAL\SPIRAL\Spiral\Dependencies\protobuf-3.1.x\vs2015\..\..\lib\Debug\libprotocd.lib
